WARNING: A restricted method in java.lang.System has been called
WARNING: java.lang.System::load has been called by org.fusesource.jansi.internal.JansiLoader in an unnamed module (file:/usr/share/java/maven/lib/jansi-2.4.1.jar)
WARNING: Use --enable-native-access=ALL-UNNAMED to avoid a warning for callers in this module
WARNING: Restricted methods will be blocked in a future release unless native access is enabled

WARNING: A terminally deprecated method in sun.misc.Unsafe has been called
WARNING: sun.misc.Unsafe::objectFieldOffset has been called by com.google.common.util.concurrent.AbstractFuture$UnsafeAtomicHelper (file:/usr/share/java/maven/lib/guava-33.2.1-jre.jar)
WARNING: Please consider reporting this to the maintainers of class com.google.common.util.concurrent.AbstractFuture$UnsafeAtomicHelper
WARNING: sun.misc.Unsafe::objectFieldOffset will be removed in a future release
[INFO] Scanning for projects...
[INFO] 
[INFO] -------------------------< processing:Info223 >-------------------------
[INFO] Building Info223 1.0-SNAPSHOT
[INFO]   from pom.xml
[INFO] --------------------------------[ jar ]---------------------------------
[WARNING] The POM for org.processing:core:jar:3.3.7 is invalid, transitive dependencies (if any) will not be available: 1 problem was encountered while building the effective model for org.processing:core:3.3.7
[ERROR] 'dependencies.dependency.systemPath' for com.apple:AppleJavaExtensions:jar must specify an absolute path but is ${project.basedir}/apple.jar @ 

[INFO] 
[INFO] --- clean:3.2.0:clean (default-clean) @ Info223 ---
[INFO] Deleting /home/fatt/Info223/target
[INFO] 
[INFO] --- resources:3.3.1:resources (default-resources) @ Info223 ---
[WARNING] Using platform encoding (UTF-8 actually) to copy filtered resources, i.e. build is platform dependent!
[INFO] skip non existing resourceDirectory /home/fatt/Info223/src/main/resources
[INFO] 
[INFO] --- compiler:3.13.0:compile (default-compile) @ Info223 ---
[INFO] Recompiling the module because of changed source code.
[WARNING] File encoding has not been set, using platform encoding UTF-8, i.e. build is platform dependent!
[INFO] Compiling 13 source files with javac [debug target 11] to target/classes
[WARNING] location of system modules is not set in conjunction with -source 11
  not setting the location of system modules may lead to class files that cannot run on JDK 11
    --release 11 is recommended instead of -source 11 -target 11 because it sets the location of system modules automatically
[INFO] ------------------------------------------------------------------------
[INFO] BUILD SUCCESS
[INFO] ------------------------------------------------------------------------
[INFO] Total time:  1.155 s
[INFO] Finished at: 2025-04-10T00:33:50+02:00
[INFO] ------------------------------------------------------------------------
